c:\users\omar maged\source\repos\projectsnake\projectsnake\debug\vc142.pdb
c:\users\omar maged\source\repos\projectsnake\projectsnake\debug\vc142.idb
c:\users\omar maged\source\repos\projectsnake\projectsnake\debug\source.obj
c:\users\omar maged\source\repos\projectsnake\debug\projectsnake.pdb
c:\users\omar maged\source\repos\projectsnake\projectsnake\debug\projectsnake.tlog\cl.command.1.tlog
c:\users\omar maged\source\repos\projectsnake\projectsnake\debug\projectsnake.tlog\cl.read.1.tlog
c:\users\omar maged\source\repos\projectsnake\projectsnake\debug\projectsnake.tlog\cl.write.1.tlog
c:\users\omar maged\source\repos\projectsnake\projectsnake\debug\projectsnake.tlog\link-cvtres.read.1.tlog
c:\users\omar maged\source\repos\projectsnake\projectsnake\debug\projectsnake.tlog\link-cvtres.write.1.tlog
c:\users\omar maged\source\repos\projectsnake\projectsnake\debug\projectsnake.tlog\link-rc.read.1.tlog
c:\users\omar maged\source\repos\projectsnake\projectsnake\debug\projectsnake.tlog\link-rc.write.1.tlog
c:\users\omar maged\source\repos\projectsnake\projectsnake\debug\projectsnake.tlog\link.41076-cvtres.read.1.tlog
c:\users\omar maged\source\repos\projectsnake\projectsnake\debug\projectsnake.tlog\link.41076-cvtres.write.1.tlog
c:\users\omar maged\source\repos\projectsnake\projectsnake\debug\projectsnake.tlog\link.41076-rc.read.1.tlog
c:\users\omar maged\source\repos\projectsnake\projectsnake\debug\projectsnake.tlog\link.41076-rc.write.1.tlog
c:\users\omar maged\source\repos\projectsnake\projectsnake\debug\projectsnake.tlog\link.41076.read.1.tlog
c:\users\omar maged\source\repos\projectsnake\projectsnake\debug\projectsnake.tlog\link.41076.write.1.tlog
c:\users\omar maged\source\repos\projectsnake\projectsnake\debug\projectsnake.tlog\link.command.1.tlog
c:\users\omar maged\source\repos\projectsnake\projectsnake\debug\projectsnake.tlog\link.read.1.tlog
c:\users\omar maged\source\repos\projectsnake\projectsnake\debug\projectsnake.tlog\link.write.1.tlog
